{
  "stats": {
    "suites": 3,
    "tests": 3,
    "passes": 3,
    "pending": 0,
    "failures": 0,
    "start": "2021-12-23T09:41:45.668Z",
    "end": "2021-12-23T09:42:44.333Z",
    "duration": 31338,
    "testsRegistered": 3,
    "passPercent": 100,
    "pendingPercent": 0,
    "other": 0,
    "hasOther": false,
    "skipped": 0,
    "hasSkipped": false
  },
  "results": [
    {
      "uuid": "e5aa3785-082c-4fb0-a35f-922a57d76503",
      "title": "",
      "fullFile": "cypress/integration/my-own-tests/alertCheck.spec.js",
      "file": "cypress/integration/my-own-tests/alertCheck.spec.js",
      "beforeHooks": [],
      "afterHooks": [],
      "tests": [],
      "suites": [
        {
          "uuid": "60d9edf0-be64-4f07-bd2b-0a6ba742ebb6",
          "title": "Actions",
          "fullFile": "",
          "file": "",
          "beforeHooks": [],
          "afterHooks": [],
          "tests": [
            {
              "title": "checking alert",
              "fullTitle": "Actions checking alert",
              "timedOut": null,
              "duration": 10889,
              "state": "passed",
              "speed": "slow",
              "pass": true,
              "fail": false,
              "pending": false,
              "context": null,
              "code": "cy.contains('Click for JS Alert').should('exist').click(); // firing window: alert event with on() method\ncy.on('window:alert', function (txt) {\n  //Mocha assertions\n  expect(txt).to.contains('I am a JS Alert');\n});\ncy.on('window:confirm', function () {\n  return true;\n});\ncy.get('[id=\"result\"]').should('contain', 'You successfully clicked an alert');",
              "err": {},
              "uuid": "949bcf99-cf08-4d71-a697-0df36cee19e8",
              "parentUUID": "60d9edf0-be64-4f07-bd2b-0a6ba742ebb6",
              "isHook": false,
              "skipped": false
            }
          ],
          "suites": [],
          "passes": [
            "949bcf99-cf08-4d71-a697-0df36cee19e8"
          ],
          "failures": [],
          "pending": [],
          "skipped": [],
          "duration": 10889,
          "root": false,
          "rootEmpty": false,
          "_timeout": 2000
        }
      ],
      "passes": [],
      "failures": [],
      "pending": [],
      "skipped": [],
      "duration": 0,
      "root": true,
      "rootEmpty": true,
      "_timeout": 2000
    },
    {
      "uuid": "d17efbf8-9c92-4ef9-9cc7-d67112574e6a",
      "title": "",
      "fullFile": "cypress/integration/my-own-tests/ea.spec.js",
      "file": "cypress/integration/my-own-tests/ea.spec.js",
      "beforeHooks": [],
      "afterHooks": [],
      "tests": [],
      "suites": [
        {
          "uuid": "ab141a86-d4ac-4747-b91d-25fef18332c2",
          "title": "Testing of EA App",
          "fullFile": "",
          "file": "",
          "beforeHooks": [],
          "afterHooks": [],
          "tests": [
            {
              "title": "Testing EA Site for assertion",
              "fullTitle": "Testing of EA App Testing EA Site for assertion",
              "timedOut": null,
              "duration": 8571,
              "state": "passed",
              "speed": "medium",
              "pass": true,
              "fail": false,
              "pending": false,
              "context": null,
              "code": "cy.visit(\"http://www.executeautomation.com/site\"); // cy.get(\"[aria-label='jump to slide 2']\", {timeout:60000}).should(($x) => {\n//     expect($x).to.have.class(\"ls-nav-active\")\n// })",
              "err": {},
              "uuid": "1b7c4662-fa6a-4b95-a372-57aad5180f87",
              "parentUUID": "ab141a86-d4ac-4747-b91d-25fef18332c2",
              "isHook": false,
              "skipped": false
            }
          ],
          "suites": [],
          "passes": [
            "1b7c4662-fa6a-4b95-a372-57aad5180f87"
          ],
          "failures": [],
          "pending": [],
          "skipped": [],
          "duration": 8571,
          "root": false,
          "rootEmpty": false,
          "_timeout": 2000
        }
      ],
      "passes": [],
      "failures": [],
      "pending": [],
      "skipped": [],
      "duration": 0,
      "root": true,
      "rootEmpty": true,
      "_timeout": 2000
    },
    {
      "uuid": "286166e8-187e-474e-9023-475dba2c50b2",
      "title": "",
      "fullFile": "cypress/integration/my-own-tests/eaapp.spec.js",
      "file": "cypress/integration/my-own-tests/eaapp.spec.js",
      "beforeHooks": [],
      "afterHooks": [],
      "tests": [],
      "suites": [
        {
          "uuid": "3b3ee582-8bab-46a7-a72f-6d46111ed32c",
          "title": "Testing of EA App",
          "fullFile": "",
          "file": "",
          "beforeHooks": [],
          "afterHooks": [],
          "tests": [
            {
              "title": "Performing Benefit Operation",
              "fullTitle": "Testing of EA App Performing Benefit Operation",
              "timedOut": null,
              "duration": 11878,
              "state": "passed",
              "speed": "slow",
              "pass": true,
              "fail": false,
              "pending": false,
              "context": null,
              "code": "cy.contains(\"Employee List\").click();\ncy.get('.table').find('tr').contains(\"John\").parent().contains(\"Benefits\").click();\ncy.get('.table').find('tr').as(\"rows\");\ncy.get(\"@rows\").then(function ($row) {\n  cy.wrap($row).click({\n    multiple: true\n  });\n});",
              "err": {},
              "uuid": "8a1e3840-77da-4708-b845-6ae49dc57fd5",
              "parentUUID": "3b3ee582-8bab-46a7-a72f-6d46111ed32c",
              "isHook": false,
              "skipped": false
            }
          ],
          "suites": [],
          "passes": [
            "8a1e3840-77da-4708-b845-6ae49dc57fd5"
          ],
          "failures": [],
          "pending": [],
          "skipped": [],
          "duration": 11878,
          "root": false,
          "rootEmpty": false,
          "_timeout": 2000
        }
      ],
      "passes": [],
      "failures": [],
      "pending": [],
      "skipped": [],
      "duration": 0,
      "root": true,
      "rootEmpty": true,
      "_timeout": 2000
    }
  ],
  "meta": {
    "mocha": {
      "version": "7.0.1"
    },
    "mochawesome": {
      "options": {
        "quiet": false,
        "reportFilename": "mochawesome",
        "saveHtml": false,
        "saveJson": true,
        "consoleReporter": "spec",
        "useInlineDiffs": false,
        "code": true
      },
      "version": "7.0.1"
    },
    "marge": {
      "options": {
        "id": "default",
        "reportDir": "cypress/results/mochawesome",
        "overwrite": false,
        "html": false,
        "json": true
      },
      "version": "6.0.1"
    }
  }
}